<?xml version="1.0" encoding="UTF-8"?>
<!-- Generated by org.testng.reporters.JUnitReportReporter -->
<testsuite hostname="HP-PC" name="com.Levantar.methods.Login" tests="1" failures="0" timestamp="4 Sep 2019 16:38:41 GMT" time="8.494" errors="0">
  <testcase name="loginPAgetest" time="8.494" classname="com.Levantar.methods.Login"/>
</testsuite> <!-- com.Levantar.methods.Login -->
